mode: set
github.com/RLutsuk/Service-for-pickup-points/app/internal/user/usecase/usecase.go:37.76,42.2 1 1
github.com/RLutsuk/Service-for-pickup-points/app/internal/user/usecase/usecase.go:44.56,46.70 1 1
github.com/RLutsuk/Service-for-pickup-points/app/internal/user/usecase/usecase.go:46.70,49.3 2 0
github.com/RLutsuk/Service-for-pickup-points/app/internal/user/usecase/usecase.go:51.2,51.113 1 1
github.com/RLutsuk/Service-for-pickup-points/app/internal/user/usecase/usecase.go:51.113,54.3 2 1
github.com/RLutsuk/Service-for-pickup-points/app/internal/user/usecase/usecase.go:56.2,56.57 1 1
github.com/RLutsuk/Service-for-pickup-points/app/internal/user/usecase/usecase.go:56.57,59.3 2 1
github.com/RLutsuk/Service-for-pickup-points/app/internal/user/usecase/usecase.go:61.2,62.16 2 1
github.com/RLutsuk/Service-for-pickup-points/app/internal/user/usecase/usecase.go:62.16,65.3 2 0
github.com/RLutsuk/Service-for-pickup-points/app/internal/user/usecase/usecase.go:66.2,69.16 3 1
github.com/RLutsuk/Service-for-pickup-points/app/internal/user/usecase/usecase.go:69.16,72.3 2 0
github.com/RLutsuk/Service-for-pickup-points/app/internal/user/usecase/usecase.go:74.2,75.12 2 1
github.com/RLutsuk/Service-for-pickup-points/app/internal/user/usecase/usecase.go:78.64,82.16 3 1
github.com/RLutsuk/Service-for-pickup-points/app/internal/user/usecase/usecase.go:82.16,85.3 2 0
github.com/RLutsuk/Service-for-pickup-points/app/internal/user/usecase/usecase.go:87.2,88.16 2 1
github.com/RLutsuk/Service-for-pickup-points/app/internal/user/usecase/usecase.go:88.16,91.3 2 0
github.com/RLutsuk/Service-for-pickup-points/app/internal/user/usecase/usecase.go:93.2,101.47 2 1
github.com/RLutsuk/Service-for-pickup-points/app/internal/user/usecase/usecase.go:104.58,106.47 1 1
github.com/RLutsuk/Service-for-pickup-points/app/internal/user/usecase/usecase.go:106.47,109.3 2 1
github.com/RLutsuk/Service-for-pickup-points/app/internal/user/usecase/usecase.go:111.2,119.47 2 1
github.com/RLutsuk/Service-for-pickup-points/app/internal/user/usecase/usecase.go:122.61,123.109 1 1
github.com/RLutsuk/Service-for-pickup-points/app/internal/user/usecase/usecase.go:123.109,124.58 1 1
github.com/RLutsuk/Service-for-pickup-points/app/internal/user/usecase/usecase.go:124.58,126.4 1 0
github.com/RLutsuk/Service-for-pickup-points/app/internal/user/usecase/usecase.go:127.3,127.33 1 1
github.com/RLutsuk/Service-for-pickup-points/app/internal/user/usecase/usecase.go:130.2,130.16 1 1
github.com/RLutsuk/Service-for-pickup-points/app/internal/user/usecase/usecase.go:130.16,132.3 1 1
github.com/RLutsuk/Service-for-pickup-points/app/internal/user/usecase/usecase.go:134.2,135.9 2 1
github.com/RLutsuk/Service-for-pickup-points/app/internal/user/usecase/usecase.go:135.9,137.3 1 0
github.com/RLutsuk/Service-for-pickup-points/app/internal/user/usecase/usecase.go:139.2,139.44 1 1
