mode: set
github.com/RLutsuk/Service-for-pickup-points/app/internal/pickup_point/usecase/usecase.go:24.90,29.2 1 1
github.com/RLutsuk/Service-for-pickup-points/app/internal/pickup_point/usecase/usecase.go:31.77,34.38 1 1
github.com/RLutsuk/Service-for-pickup-points/app/internal/pickup_point/usecase/usecase.go:34.38,37.3 2 1
github.com/RLutsuk/Service-for-pickup-points/app/internal/pickup_point/usecase/usecase.go:39.2,42.16 3 1
github.com/RLutsuk/Service-for-pickup-points/app/internal/pickup_point/usecase/usecase.go:42.16,45.3 2 0
github.com/RLutsuk/Service-for-pickup-points/app/internal/pickup_point/usecase/usecase.go:47.2,48.12 2 1
github.com/RLutsuk/Service-for-pickup-points/app/internal/pickup_point/usecase/usecase.go:51.109,54.31 2 1
github.com/RLutsuk/Service-for-pickup-points/app/internal/pickup_point/usecase/usecase.go:54.31,57.3 2 1
github.com/RLutsuk/Service-for-pickup-points/app/internal/pickup_point/usecase/usecase.go:59.2,59.35 1 1
github.com/RLutsuk/Service-for-pickup-points/app/internal/pickup_point/usecase/usecase.go:59.35,61.3 1 1
github.com/RLutsuk/Service-for-pickup-points/app/internal/pickup_point/usecase/usecase.go:63.2,64.30 2 1
github.com/RLutsuk/Service-for-pickup-points/app/internal/pickup_point/usecase/usecase.go:64.30,67.3 2 1
github.com/RLutsuk/Service-for-pickup-points/app/internal/pickup_point/usecase/usecase.go:69.2,71.16 2 1
github.com/RLutsuk/Service-for-pickup-points/app/internal/pickup_point/usecase/usecase.go:71.16,73.3 1 1
github.com/RLutsuk/Service-for-pickup-points/app/internal/pickup_point/usecase/usecase.go:75.2,75.21 1 1
github.com/RLutsuk/Service-for-pickup-points/app/internal/pickup_point/usecase/usecase.go:75.21,77.17 2 1
github.com/RLutsuk/Service-for-pickup-points/app/internal/pickup_point/usecase/usecase.go:77.17,80.4 2 1
github.com/RLutsuk/Service-for-pickup-points/app/internal/pickup_point/usecase/usecase.go:83.2,83.19 1 1
github.com/RLutsuk/Service-for-pickup-points/app/internal/pickup_point/usecase/usecase.go:83.19,85.17 2 1
github.com/RLutsuk/Service-for-pickup-points/app/internal/pickup_point/usecase/usecase.go:85.17,88.4 2 0
github.com/RLutsuk/Service-for-pickup-points/app/internal/pickup_point/usecase/usecase.go:91.2,94.16 3 1
github.com/RLutsuk/Service-for-pickup-points/app/internal/pickup_point/usecase/usecase.go:94.16,97.3 2 0
github.com/RLutsuk/Service-for-pickup-points/app/internal/pickup_point/usecase/usecase.go:99.2,99.26 1 1
github.com/RLutsuk/Service-for-pickup-points/app/internal/pickup_point/usecase/usecase.go:102.76,105.16 2 1
github.com/RLutsuk/Service-for-pickup-points/app/internal/pickup_point/usecase/usecase.go:105.16,108.3 2 1
github.com/RLutsuk/Service-for-pickup-points/app/internal/pickup_point/usecase/usecase.go:110.2,110.26 1 1
